iMPACT Version: Oct 13 2013 10:22:21

iMPACT log file Started on Fri Sep 09 08:37:52 2016

Preference Table
Name                 Setting             
StartupClock         Auto_Correction     
AutoSignature        False               
KeepSVF              False               
ConcurrentMode       False               
UseHighz             False               
ConfigOnFailure      Stop                
UserLevel            Novice              
MessageLevel         Detailed            
svfUseTime           false               
SpiByteSwap          Auto_Correction     
AutoInfer            false               
SvfPlayDisplayComments false               
Enumerating cables. Please wait.
Connecting to cable (Usb Port - USB21).
Checking cable driver.
 Driver file xusb_emb.sys found.
 Driver version: src=1029, dest=1029.
 Driver windrvr6.sys version = 10.2.1.0. WinDriver v10.21 Jungo (c) 1997 - 2010 Build Date: Aug 31 2010 x86_64 64bit SYS14:14:44, version = 1021.
Downloading E:/Programy/Xilinx/14.7/ISE_DS/ISE/data/xusb_xlp.hex.
Downloaded firmware version = 1303.
=======================================================
Found cable - >  ESN device is not available for this cable.
No ESN.
=======================================================
Connecting to cable (Usb Port - USB22).
Checking cable driver.
 Driver file xusb_emb.sys found.
 Driver version: src=1029, dest=1029.
 Driver windrvr6.sys version = 10.2.1.0. WinDriver v10.21 Jungo (c) 1997 - 2010 Build Date: Aug 31 2010 x86_64 64bit SYS14:14:44, version = 1021.
ERROR:iMPACT - Cable not found, ESN: 00000000000000
'1': Loading file 'pong.bit' ...
done.
INFO:iMPACT:1777 - 
   Reading E:/Programy/Xilinx/14.7/ISE_DS/ISE/spartan3a/data/xc3s700a.bsd...
INFO:iMPACT:2257 - Startup Clock has been changed to 'JtagClk' in the bitstream   stored in memory,
   but the original bitstream file remains unchanged.
UserID read from the bitstream file = 0xFFFFFFFF.
INFO:iMPACT:501 - '1': Added Device xc3s700a successfully.
----------------------------------------------------------------------
----------------------------------------------------------------------
INFO:iMPACT - Failed to open file: -- File ? --, replace with 'bypass'.
INFO:iMPACT:1777 - 
   Reading E:/Programy/Xilinx/14.7/ISE_DS/ISE/xcf/data/xcf04s.bsd...
INFO:iMPACT:501 - '2': Added Device xcf04s successfully.
----------------------------------------------------------------------
----------------------------------------------------------------------
Active mode is BS
ERROR:iMPACT - This function requires that a target is opened first.
INFO:iMPACT - Digilent Plugin: Plugin Version: 2.4.4
INFO:iMPACT - Digilent Plugin: no JTAG device was found.
AutoDetecting cable. Please wait.
*** WARNING ***: When port is set to auto detect mode, cable speed is set todefault 6 MHz regardless of explicit arguments supplied for setting the baudrates
Connecting to cable (Usb Port - USB21).
Checking cable driver.
 Driver file xusb_emb.sys found.
 Driver version: src=1029, dest=1029.
 Driver windrvr6.sys version = 10.2.1.0. WinDriver v10.21 Jungo (c) 1997 - 2010 Build Date: Aug 31 2010 x86_64 64bit SYS14:14:44, version = 1021.
 Cable PID = 0008.
 Max current requested during enumeration is 74 mA.
Type = 0x0004.
 Cable Type = 3, Revision = 0.
 Setting cable speed to 6 MHz.
Cable connection established.
Firmware version = 1303.
File version of E:/Programy/Xilinx/14.7/ISE_DS/ISE/data/xusb_xlp.hex = 1303.
Firmware hex file version = 1303.
PLD file version = 0012h.
 PLD version = 0012h.
Type = 0x0004.
 ESN device is not available for this cable.
Maximum TCK operating frequency for this device chain: 10000000.
Validating chain...
Boundary-scan chain validated successfully.
'1': Programming device...
 LCK_cycle = NoWait.
LCK cycle: NoWait
done.
'1': Reading status register contents...
CRC error                                                                  :        0
IDCODE not validated while writing FDRI                                    :        0
DCM Locked                                                                 :        1
status of GTS_CFG_B                                                        :        1
status of GWE                                                              :        1
status of GHIGH                                                            :        1
value of VSEL pin 0                                                        :        1
value of VSEL pin 1                                                        :        1
value of VSEL pin 2                                                        :        1
value of MODE pin M0                                                       :        0
value of MODE pin M1                                                       :        0
value of MODE pin M2                                                       :        0
value of CFG_RDY (INIT_B)                                                  :        1
DONEIN input from Done Pin                                                 :        1
SYNC word not found                                                        :        0
INFO:iMPACT:2219 - Status register values:
INFO:iMPACT - 0011 1111 1000 1100 
INFO:iMPACT:579 - '1': Completed downloading bit file to device.
INFO:iMPACT:188 - '1': Programming completed successfully.
 LCK_cycle = NoWait.
LCK cycle: NoWait
INFO:iMPACT - '1': Checking done pin....done.
'1': Programmed successfully.
Elapsed time =      0 sec.
----------------------------------------------------------------------
----------------------------------------------------------------------
