Running: E:\Programy\Xilinx\14.7\ISE_DS\ISE\bin\nt64\unwrapped\fuse.exe -intstyle ise -incremental -o E:/Pliki/PONG/Test_isim_beh.exe -prj E:/Pliki/PONG/Test_beh.prj work.Test 
ISim P.20131013 (signature 0x7708f090)
Number of CPUs detected in this system: 4
Turning on mult-threading, number of parallel sub-compilation jobs: 8 
Determining compilation order of HDL files
Parsing VHDL file "E:/Pliki/PONG/DCM.vhd" into library work
Parsing VHDL file "E:/Pliki/PONG/PONG.vhd" into library work
WARNING:HDLCompiler:443 - "E:/Pliki/PONG/PONG.vhd" Line 198: Function segmenty does not always return a value.
Parsing VHDL file "E:/Pliki/PONG/Test.vhd" into library work
Starting static elaboration
Completed static elaboration
Compiling package standard
Compiling package std_logic_1164
Compiling package numeric_std
Compiling package vcomponents
Compiling package textio
Compiling package vital_timing
Compiling package vital_primitives
Compiling package vpkg
Compiling architecture bufg_v of entity BUFG [bufg_default]
Compiling architecture ibufg_v of entity IBUFG [\IBUFG("DONT_CARE","0",true,"DEF...]
Compiling architecture dcm_sp_clock_divide_by_2_v of entity dcm_sp_clock_divide_by_2 [dcm_sp_clock_divide_by_2_default]
Compiling architecture dcm_sp_maximum_period_check_v of entity dcm_sp_maximum_period_check [\dcm_sp_maximum_period_check("*"...]
Compiling architecture dcm_sp_maximum_period_check_v of entity dcm_sp_maximum_period_check [\dcm_sp_maximum_period_check("*"...]
Compiling architecture dcm_sp_clock_lost_v of entity dcm_sp_clock_lost [dcm_sp_clock_lost_default]
Compiling architecture dcm_sp_v of entity DCM_SP [\DCM_SP(true,"*",true,false,2.0,...]
Compiling architecture behavioral of entity DCM [dcm_default]
Compiling architecture behavioral of entity PONG [pong_default]
Compiling architecture behavior of entity test
Time Resolution for simulation is 1ps.
Waiting for 5 sub-compilation(s) to finish...
Compiled 27 VHDL Units
Built simulation executable E:/Pliki/PONG/Test_isim_beh.exe
Fuse Memory Usage: 55172 KB
Fuse CPU Usage: 1825 ms
